{'arch': 'ViT_B_16', 'batch_size': 128, 'num_samples': 1024}
Weight quantization parameter : {'scheme': 'AdaRoundQuantizer', 'bit_width': 8, 'per_channel': True}
Activation quantization parameter : {'scheme': 'MovingAvgMinMaxQuantizer', 'bit_width': 8}
Attention quantization parameter : {}
LayerNorm quantization parameter : {}
GELU quantization parameter : {}
2D search with INT8 - [W]+AdaRound[W] conv_proj
2D search with INT8 - [A] conv_proj
2D search with INT8 - [W]+AdaRound[W] encoder.layers.encoder_layer_0.self_attention.in_proj
2D search with INT8 - [A] encoder.layers.encoder_layer_0.self_attention.in_proj
2D search with INT8 - [A] encoder.layers.encoder_layer_0.self_attention.attnOutActivationQuantizer
2D search with INT8 - [W]+AdaRound[W] encoder.layers.encoder_layer_0.self_attention.out_proj
2D search with INT8 - [A] encoder.layers.encoder_layer_0.self_attention.out_proj
2D search with INT8 - [W]+AdaRound[W] encoder.layers.encoder_layer_0.mlp.linear_1
2D search with INT8 - [A] encoder.layers.encoder_layer_0.mlp.linear_1
2D search with INT8 - [W]+AdaRound[W] encoder.layers.encoder_layer_0.mlp.linear_2
2D search with INT8 - [A] encoder.layers.encoder_layer_0.mlp.linear_2
2D search with INT8 - [W]+AdaRound[W] encoder.layers.encoder_layer_1.self_attention.in_proj
2D search with INT8 - [A] encoder.layers.encoder_layer_1.self_attention.in_proj
2D search with INT8 - [A] encoder.layers.encoder_layer_1.self_attention.attnOutActivationQuantizer
2D search with INT8 - [W]+AdaRound[W] encoder.layers.encoder_layer_1.self_attention.out_proj
2D search with INT8 - [A] encoder.layers.encoder_layer_1.self_attention.out_proj
2D search with INT8 - [W]+AdaRound[W] encoder.layers.encoder_layer_1.mlp.linear_1
2D search with INT8 - [A] encoder.layers.encoder_layer_1.mlp.linear_1
2D search with INT8 - [W]+AdaRound[W] encoder.layers.encoder_layer_1.mlp.linear_2
2D search with INT8 - [A] encoder.layers.encoder_layer_1.mlp.linear_2
2D search with INT8 - [W]+AdaRound[W] encoder.layers.encoder_layer_2.self_attention.in_proj
2D search with INT8 - [A] encoder.layers.encoder_layer_2.self_attention.in_proj
2D search with INT8 - [A] encoder.layers.encoder_layer_2.self_attention.attnOutActivationQuantizer
2D search with INT8 - [W]+AdaRound[W] encoder.layers.encoder_layer_2.self_attention.out_proj
2D search with INT8 - [A] encoder.layers.encoder_layer_2.self_attention.out_proj
2D search with INT8 - [W]+AdaRound[W] encoder.layers.encoder_layer_2.mlp.linear_1
2D search with INT8 - [A] encoder.layers.encoder_layer_2.mlp.linear_1
2D search with INT8 - [W]+AdaRound[W] encoder.layers.encoder_layer_2.mlp.linear_2
2D search with INT8 - [A] encoder.layers.encoder_layer_2.mlp.linear_2
2D search with INT8 - [W]+AdaRound[W] encoder.layers.encoder_layer_3.self_attention.in_proj
2D search with INT8 - [A] encoder.layers.encoder_layer_3.self_attention.in_proj
2D search with INT8 - [A] encoder.layers.encoder_layer_3.self_attention.attnOutActivationQuantizer
2D search with INT8 - [W]+AdaRound[W] encoder.layers.encoder_layer_3.self_attention.out_proj
2D search with INT8 - [A] encoder.layers.encoder_layer_3.self_attention.out_proj
2D search with INT8 - [W]+AdaRound[W] encoder.layers.encoder_layer_3.mlp.linear_1
2D search with INT8 - [A] encoder.layers.encoder_layer_3.mlp.linear_1
2D search with INT8 - [W]+AdaRound[W] encoder.layers.encoder_layer_3.mlp.linear_2
2D search with INT8 - [A] encoder.layers.encoder_layer_3.mlp.linear_2
2D search with INT8 - [W]+AdaRound[W] encoder.layers.encoder_layer_4.self_attention.in_proj
2D search with INT8 - [A] encoder.layers.encoder_layer_4.self_attention.in_proj
2D search with INT8 - [A] encoder.layers.encoder_layer_4.self_attention.attnOutActivationQuantizer
2D search with INT8 - [W]+AdaRound[W] encoder.layers.encoder_layer_4.self_attention.out_proj
2D search with INT8 - [A] encoder.layers.encoder_layer_4.self_attention.out_proj
2D search with INT8 - [W]+AdaRound[W] encoder.layers.encoder_layer_4.mlp.linear_1
2D search with INT8 - [A] encoder.layers.encoder_layer_4.mlp.linear_1
2D search with INT8 - [W]+AdaRound[W] encoder.layers.encoder_layer_4.mlp.linear_2
2D search with INT8 - [A] encoder.layers.encoder_layer_4.mlp.linear_2
2D search with INT8 - [W]+AdaRound[W] encoder.layers.encoder_layer_5.self_attention.in_proj
2D search with INT8 - [A] encoder.layers.encoder_layer_5.self_attention.in_proj
2D search with INT8 - [A] encoder.layers.encoder_layer_5.self_attention.attnOutActivationQuantizer
2D search with INT8 - [W]+AdaRound[W] encoder.layers.encoder_layer_5.self_attention.out_proj
2D search with INT8 - [A] encoder.layers.encoder_layer_5.self_attention.out_proj
2D search with INT8 - [W]+AdaRound[W] encoder.layers.encoder_layer_5.mlp.linear_1
2D search with INT8 - [A] encoder.layers.encoder_layer_5.mlp.linear_1
2D search with INT8 - [W]+AdaRound[W] encoder.layers.encoder_layer_5.mlp.linear_2
2D search with INT8 - [A] encoder.layers.encoder_layer_5.mlp.linear_2
2D search with INT8 - [W]+AdaRound[W] encoder.layers.encoder_layer_6.self_attention.in_proj
2D search with INT8 - [A] encoder.layers.encoder_layer_6.self_attention.in_proj
2D search with INT8 - [A] encoder.layers.encoder_layer_6.self_attention.attnOutActivationQuantizer
2D search with INT8 - [W]+AdaRound[W] encoder.layers.encoder_layer_6.self_attention.out_proj
2D search with INT8 - [A] encoder.layers.encoder_layer_6.self_attention.out_proj
2D search with INT8 - [W]+AdaRound[W] encoder.layers.encoder_layer_6.mlp.linear_1
2D search with INT8 - [A] encoder.layers.encoder_layer_6.mlp.linear_1
2D search with INT8 - [W]+AdaRound[W] encoder.layers.encoder_layer_6.mlp.linear_2
2D search with INT8 - [A] encoder.layers.encoder_layer_6.mlp.linear_2
2D search with INT8 - [W]+AdaRound[W] encoder.layers.encoder_layer_7.self_attention.in_proj
2D search with INT8 - [A] encoder.layers.encoder_layer_7.self_attention.in_proj
2D search with INT8 - [A] encoder.layers.encoder_layer_7.self_attention.attnOutActivationQuantizer
2D search with INT8 - [W]+AdaRound[W] encoder.layers.encoder_layer_7.self_attention.out_proj
2D search with INT8 - [A] encoder.layers.encoder_layer_7.self_attention.out_proj
2D search with INT8 - [W]+AdaRound[W] encoder.layers.encoder_layer_7.mlp.linear_1
2D search with INT8 - [A] encoder.layers.encoder_layer_7.mlp.linear_1
2D search with INT8 - [W]+AdaRound[W] encoder.layers.encoder_layer_7.mlp.linear_2
2D search with INT8 - [A] encoder.layers.encoder_layer_7.mlp.linear_2
2D search with INT8 - [W]+AdaRound[W] encoder.layers.encoder_layer_8.self_attention.in_proj
2D search with INT8 - [A] encoder.layers.encoder_layer_8.self_attention.in_proj
2D search with INT8 - [A] encoder.layers.encoder_layer_8.self_attention.attnOutActivationQuantizer
2D search with INT8 - [W]+AdaRound[W] encoder.layers.encoder_layer_8.self_attention.out_proj
2D search with INT8 - [A] encoder.layers.encoder_layer_8.self_attention.out_proj
2D search with INT8 - [W]+AdaRound[W] encoder.layers.encoder_layer_8.mlp.linear_1
2D search with INT8 - [A] encoder.layers.encoder_layer_8.mlp.linear_1
2D search with INT8 - [W]+AdaRound[W] encoder.layers.encoder_layer_8.mlp.linear_2
2D search with INT8 - [A] encoder.layers.encoder_layer_8.mlp.linear_2
2D search with INT8 - [W]+AdaRound[W] encoder.layers.encoder_layer_9.self_attention.in_proj
2D search with INT8 - [A] encoder.layers.encoder_layer_9.self_attention.in_proj
2D search with INT8 - [A] encoder.layers.encoder_layer_9.self_attention.attnOutActivationQuantizer
2D search with INT8 - [W]+AdaRound[W] encoder.layers.encoder_layer_9.self_attention.out_proj
2D search with INT8 - [A] encoder.layers.encoder_layer_9.self_attention.out_proj
2D search with INT8 - [W]+AdaRound[W] encoder.layers.encoder_layer_9.mlp.linear_1
2D search with INT8 - [A] encoder.layers.encoder_layer_9.mlp.linear_1
2D search with INT8 - [W]+AdaRound[W] encoder.layers.encoder_layer_9.mlp.linear_2
2D search with INT8 - [A] encoder.layers.encoder_layer_9.mlp.linear_2
2D search with INT8 - [W]+AdaRound[W] encoder.layers.encoder_layer_10.self_attention.in_proj
2D search with INT8 - [A] encoder.layers.encoder_layer_10.self_attention.in_proj
2D search with INT8 - [A] encoder.layers.encoder_layer_10.self_attention.attnOutActivationQuantizer
2D search with INT8 - [W]+AdaRound[W] encoder.layers.encoder_layer_10.self_attention.out_proj
2D search with INT8 - [A] encoder.layers.encoder_layer_10.self_attention.out_proj
2D search with INT8 - [W]+AdaRound[W] encoder.layers.encoder_layer_10.mlp.linear_1
2D search with INT8 - [A] encoder.layers.encoder_layer_10.mlp.linear_1
2D search with INT8 - [W]+AdaRound[W] encoder.layers.encoder_layer_10.mlp.linear_2
2D search with INT8 - [A] encoder.layers.encoder_layer_10.mlp.linear_2
2D search with INT8 - [W]+AdaRound[W] encoder.layers.encoder_layer_11.self_attention.in_proj
2D search with INT8 - [A] encoder.layers.encoder_layer_11.self_attention.in_proj
2D search with INT8 - [A] encoder.layers.encoder_layer_11.self_attention.attnOutActivationQuantizer
2D search with INT8 - [W]+AdaRound[W] encoder.layers.encoder_layer_11.self_attention.out_proj
2D search with INT8 - [A] encoder.layers.encoder_layer_11.self_attention.out_proj
2D search with INT8 - [W]+AdaRound[W] encoder.layers.encoder_layer_11.mlp.linear_1
2D search with INT8 - [A] encoder.layers.encoder_layer_11.mlp.linear_1
2D search with INT8 - [W]+AdaRound[W] encoder.layers.encoder_layer_11.mlp.linear_2
2D search with INT8 - [A] encoder.layers.encoder_layer_11.mlp.linear_2
2D search with INT8 - [W]+AdaRound[W] heads.head
Calibration done 

