
- main_args params:
    - arch: ViT_B_16
    - batch_size: 128
    - num_samples: 1024

- weight params:
    - scheme: AbsMaxQuantizer
    - bit_width: 4
    - per_channel: True
    - AdaRound: PerBlock

- activation params:
    - scheme: MovAvgAbsMaxQuantizer
    - bit_width: 8
    - per_channel: False
    - momentum: 0.95
    - batches: 16
    - Identity addition : INT16 (The input of each LayerNorm)

- softmax params:
    - bit_width: 16
    - Activation of Softmax(Q@K/d_K) (attn_map) : UINT8

- layer_norm params:
    - bit_width: 8

- gelu params:
    - bit_width: 8

Int Activation 8
Int Activation 8
    Initiated the V
Int Activation 8
Int Activation 16 for idAdd for identity add
Int Activation 8
Int Activation 8
    Initiated the V
Int Activation 8
IntSoftMax 16
Int Activation Unsigned 8 for softmax_act
Int Activation 8
Int Activation 8
    Initiated the V
Int Activation 16 for idAdd for identity add
Int Activation 8
Int Activation 8
    Initiated the V
IntGELU bit: 8
Int Activation 8
Int Activation 8
    Initiated the V
Int Activation 16 for idAdd for identity add
Int Activation 8
Int Activation 8
    Initiated the V
Int Activation 8
IntSoftMax 16
Int Activation Unsigned 8 for softmax_act
Int Activation 8
Int Activation 8
    Initiated the V
Int Activation 16 for idAdd for identity add
Int Activation 8
Int Activation 8
    Initiated the V
IntGELU bit: 8
Int Activation 8
Int Activation 8
    Initiated the V
Int Activation 16 for idAdd for identity add
Int Activation 8
Int Activation 8
    Initiated the V
Int Activation 8
IntSoftMax 16
Int Activation Unsigned 8 for softmax_act
Int Activation 8
Int Activation 8
    Initiated the V
Int Activation 16 for idAdd for identity add
Int Activation 8
Int Activation 8
    Initiated the V
IntGELU bit: 8
Int Activation 8
Int Activation 8
    Initiated the V
Int Activation 16 for idAdd for identity add
Int Activation 8
Int Activation 8
    Initiated the V
Int Activation 8
IntSoftMax 16
Int Activation Unsigned 8 for softmax_act
Int Activation 8
Int Activation 8
    Initiated the V
Int Activation 16 for idAdd for identity add
Int Activation 8
Int Activation 8
    Initiated the V
IntGELU bit: 8
Int Activation 8
Int Activation 8
    Initiated the V
Int Activation 16 for idAdd for identity add
Int Activation 8
Int Activation 8
    Initiated the V
Int Activation 8
IntSoftMax 16
Int Activation Unsigned 8 for softmax_act
Int Activation 8
Int Activation 8
    Initiated the V
Int Activation 16 for idAdd for identity add
Int Activation 8
Int Activation 8
    Initiated the V
IntGELU bit: 8
Int Activation 8
Int Activation 8
    Initiated the V
Int Activation 16 for idAdd for identity add
Int Activation 8
Int Activation 8
    Initiated the V
Int Activation 8
IntSoftMax 16
Int Activation Unsigned 8 for softmax_act
Int Activation 8
Int Activation 8
    Initiated the V
Int Activation 16 for idAdd for identity add
Int Activation 8
Int Activation 8
    Initiated the V
IntGELU bit: 8
Int Activation 8
Int Activation 8
    Initiated the V
Int Activation 16 for idAdd for identity add
Int Activation 8
Int Activation 8
    Initiated the V
Int Activation 8
IntSoftMax 16
Int Activation Unsigned 8 for softmax_act
Int Activation 8
Int Activation 8
    Initiated the V
Int Activation 16 for idAdd for identity add
Int Activation 8
Int Activation 8
    Initiated the V
IntGELU bit: 8
Int Activation 8
Int Activation 8
    Initiated the V
Int Activation 16 for idAdd for identity add
Int Activation 8
Int Activation 8
    Initiated the V
Int Activation 8
IntSoftMax 16
Int Activation Unsigned 8 for softmax_act
Int Activation 8
Int Activation 8
    Initiated the V
Int Activation 16 for idAdd for identity add
Int Activation 8
Int Activation 8
    Initiated the V
IntGELU bit: 8
Int Activation 8
Int Activation 8
    Initiated the V
Int Activation 16 for idAdd for identity add
Int Activation 8
Int Activation 8
    Initiated the V
Int Activation 8
IntSoftMax 16
Int Activation Unsigned 8 for softmax_act
Int Activation 8
Int Activation 8
    Initiated the V
Int Activation 16 for idAdd for identity add
Int Activation 8
Int Activation 8
    Initiated the V
IntGELU bit: 8
Int Activation 8
Int Activation 8
    Initiated the V
Int Activation 16 for idAdd for identity add
Int Activation 8
Int Activation 8
    Initiated the V
Int Activation 8
IntSoftMax 16
Int Activation Unsigned 8 for softmax_act
Int Activation 8
Int Activation 8
    Initiated the V
Int Activation 16 for idAdd for identity add
Int Activation 8
Int Activation 8
    Initiated the V
IntGELU bit: 8
Int Activation 8
Int Activation 8
    Initiated the V
Int Activation 16 for idAdd for identity add
Int Activation 8
Int Activation 8
    Initiated the V
Int Activation 8
IntSoftMax 16
Int Activation Unsigned 8 for softmax_act
Int Activation 8
Int Activation 8
    Initiated the V
Int Activation 16 for idAdd for identity add
Int Activation 8
Int Activation 8
    Initiated the V
IntGELU bit: 8
Int Activation 8
Int Activation 8
    Initiated the V
Int Activation 16 for idAdd for identity add
Int Activation 8
Int Activation 8
    Initiated the V
Int Activation 8
IntSoftMax 16
Int Activation Unsigned 8 for softmax_act
Int Activation 8
Int Activation 8
    Initiated the V
Int Activation 16 for idAdd for identity add
Int Activation 8
Int Activation 8
    Initiated the V
IntGELU bit: 8
Int Activation 8
Int Activation 8
    Initiated the V
Int Activation 16 for idAdd for identity add
Int Activation 8
    Initiated the V
Activation calibration is done.

