
- main_args params:
    - arch: ViT_B_16
    - batch_size: 128
    - num_samples: 1024

- weight params:
    - scheme: AbsMaxQuantizer
    - bit_width: 4
    - per_channel: True

- activation params:
    - scheme: MovAvgAbsMaxQuantizer
    - bit_width: 8
    - idadd_bit_width: 18
    - per_channel: False
    - momentum: 0.95
    - batches: 4
    - Identity addition : INT16 (The input of each LayerNorm)

- softmax params:
    - bit_width: 17
    - left_shift_for_exp: 15
    - act_quant_bit_width: 4
    - Activation of Softmax(Q@K/d_K) (attn_map) : UINT8

- layer_norm params:
    - using: True

- gelu params:
    - sigmoid_bit_width: 8
    - left_shift_for_exp: 23
    - act_quant_bit_width: 8

IntSoftMax | output bit : 17, exp Lshift : 15
Int log_sqrt_2 quantizer | output bit : 4
IntGELU    | sigmoid bit: 8, exp Lshift: 23
IntSoftMax | output bit : 17, exp Lshift : 15
Int log_sqrt_2 quantizer | output bit : 4
IntGELU    | sigmoid bit: 8, exp Lshift: 23
IntSoftMax | output bit : 17, exp Lshift : 15
Int log_sqrt_2 quantizer | output bit : 4
IntGELU    | sigmoid bit: 8, exp Lshift: 23
IntSoftMax | output bit : 17, exp Lshift : 15
Int log_sqrt_2 quantizer | output bit : 4
IntGELU    | sigmoid bit: 8, exp Lshift: 23
IntSoftMax | output bit : 17, exp Lshift : 15
Int log_sqrt_2 quantizer | output bit : 4
IntGELU    | sigmoid bit: 8, exp Lshift: 23
IntSoftMax | output bit : 17, exp Lshift : 15
Int log_sqrt_2 quantizer | output bit : 4
IntGELU    | sigmoid bit: 8, exp Lshift: 23
IntSoftMax | output bit : 17, exp Lshift : 15
Int log_sqrt_2 quantizer | output bit : 4
IntGELU    | sigmoid bit: 8, exp Lshift: 23
IntSoftMax | output bit : 17, exp Lshift : 15
Int log_sqrt_2 quantizer | output bit : 4
IntGELU    | sigmoid bit: 8, exp Lshift: 23
IntSoftMax | output bit : 17, exp Lshift : 15
Int log_sqrt_2 quantizer | output bit : 4
IntGELU    | sigmoid bit: 8, exp Lshift: 23
IntSoftMax | output bit : 17, exp Lshift : 15
Int log_sqrt_2 quantizer | output bit : 4
IntGELU    | sigmoid bit: 8, exp Lshift: 23
IntSoftMax | output bit : 17, exp Lshift : 15
Int log_sqrt_2 quantizer | output bit : 4
IntGELU    | sigmoid bit: 8, exp Lshift: 23
IntSoftMax | output bit : 17, exp Lshift : 15
Int log_sqrt_2 quantizer | output bit : 4
IntGELU    | sigmoid bit: 8, exp Lshift: 23
Training model for calibration...
Training model for softmax log quantizer...
[1/12] encoder.layers.0.self_attention.softmax_act
   Get calibration data for LogSqrt2Quantizer()
    INPUT_FP : torch.Size([1024, 12, 197, 197])
    OUTPUT_FP : torch.Size([1024, 12, 197, 197])
input x_hat : 0.0 0.989990234375
input x_int 0.0 64880.0
best bias : 1, best times : 23 best score : 624749.1875
best dja : tensor([-2097152., -1966080., -1835008., -1703936., -1572864., -1441792.,
        -1310720., -1179648., -1048576.], device='cuda:0'),9
[2/12] encoder.layers.1.self_attention.softmax_act
   Get calibration data for LogSqrt2Quantizer()
input x_hat : 0.0 0.98583984375
input x_int 0.0 64608.0
best bias : 5, best times : 23 best score : 571677.1875
best dja : tensor([-16384., -15360., -14336., -13312., -12288., -11264., -10240.,  -9216.,
         -8192.,  -7168.,  -6144.,  -5120.,  -4096.], device='cuda:0'),13
input x_hat : 0.0 0.986572265625
input x_int 0.0 64656.0
best bias : 5, best times : 23 best score : 560403.0
best dja : tensor([-16384., -15360., -14336., -13312., -12288., -11264., -10240.,  -9216.,
         -8192.,  -7168.,  -6144.,  -5120.,  -4096.], device='cuda:0'),13
input x_hat : 0.0 0.981201171875
input x_int 0.0 64304.0
best bias : 5, best times : 23 best score : 574917.3125
best dja : tensor([-16384., -15360., -14336., -13312., -12288., -11264., -10240.,  -9216.,
         -8192.,  -7168.,  -6144.,  -5120.,  -4096.], device='cuda:0'),13
input x_hat : 0.0 0.9901123046875
input x_int 0.0 64888.0
best bias : 1, best times : 23 best score : 638350.0
best dja : tensor([-2097152., -1966080., -1835008., -1703936., -1572864., -1441792.,
        -1310720., -1179648., -1048576.], device='cuda:0'),9
input x_hat : 0.0 0.989990234375
input x_int 0.0 64880.0
best bias : 5, best times : 23 best score : 629181.1875
best dja : tensor([-16384., -15360., -14336., -13312., -12288., -11264., -10240.,  -9216.,
         -8192.,  -7168.,  -6144.,  -5120.,  -4096.], device='cuda:0'),13
input x_hat : 0.0 0.9901123046875
input x_int 0.0 64888.0
best bias : 1, best times : 23 best score : 613599.75
best dja : tensor([-2097152., -1966080., -1835008., -1703936., -1572864., -1441792.,
        -1310720., -1179648., -1048576.], device='cuda:0'),9
input x_hat : 0.0 0.99267578125
input x_int 0.0 65056.0
best bias : 5, best times : 23 best score : 584637.25
best dja : tensor([-16384., -15360., -14336., -13312., -12288., -11264., -10240.,  -9216.,
         -8192.,  -7168.,  -6144.,  -5120.,  -4096.], device='cuda:0'),13
input x_hat : 0.0 0.9874267578125
input x_int 0.0 64712.0
best bias : 5, best times : 23 best score : 580206.0625
best dja : tensor([-16384., -15360., -14336., -13312., -12288., -11264., -10240.,  -9216.,
         -8192.,  -7168.,  -6144.,  -5120.,  -4096.], device='cuda:0'),13
input x_hat : 0.0 0.9915771484375
input x_int 0.0 64984.0
best bias : 5, best times : 23 best score : 609446.9375
best dja : tensor([-16384., -15360., -14336., -13312., -12288., -11264., -10240.,  -9216.,
         -8192.,  -7168.,  -6144.,  -5120.,  -4096.], device='cuda:0'),13
input x_hat : 0.0 0.9730224609375
input x_int 0.0 63768.0
best bias : 1, best times : 23 best score : 577702.9375
best dja : tensor([-2097152., -1966080., -1835008., -1703936., -1572864., -1441792.,
        -1310720., -1179648., -1048576.], device='cuda:0'),9
input x_hat : 0.0 0.9857177734375
input x_int 0.0 64600.0
best bias : 5, best times : 23 best score : 593968.6875
best dja : tensor([-16384., -15360., -14336., -13312., -12288., -11264., -10240.,  -9216.,
         -8192.,  -7168.,  -6144.,  -5120.,  -4096.], device='cuda:0'),13
input x_hat : 0.0 0.9874267578125
input x_int 0.0 64712.0
best bias : 5, best times : 23 best score : 582507.875
best dja : tensor([-16384., -15360., -14336., -13312., -12288., -11264., -10240.,  -9216.,
         -8192.,  -7168.,  -6144.,  -5120.,  -4096.], device='cuda:0'),13
input x_hat : 0.0 0.9932861328125
input x_int 0.0 65096.0
best bias : 5, best times : 23 best score : 570732.9375
best dja : tensor([-16384., -15360., -14336., -13312., -12288., -11264., -10240.,  -9216.,
         -8192.,  -7168.,  -6144.,  -5120.,  -4096.], device='cuda:0'),13
input x_hat : 0.0 0.9837646484375
input x_int 0.0 64472.0
best bias : 5, best times : 23 best score : 618285.0
best dja : tensor([-16384., -15360., -14336., -13312., -12288., -11264., -10240.,  -9216.,
         -8192.,  -7168.,  -6144.,  -5120.,  -4096.], device='cuda:0'),13
input x_hat : 0.0 0.9930419921875
input x_int 0.0 65080.0
best bias : 5, best times : 23 best score : 575701.1875
best dja : tensor([-16384., -15360., -14336., -13312., -12288., -11264., -10240.,  -9216.,
         -8192.,  -7168.,  -6144.,  -5120.,  -4096.], device='cuda:0'),13
input x_hat : 0.0 0.9891357421875
input x_int 0.0 64824.0
best bias : 5, best times : 23 best score : 610299.75
best dja : tensor([-16384., -15360., -14336., -13312., -12288., -11264., -10240.,  -9216.,
         -8192.,  -7168.,  -6144.,  -5120.,  -4096.], device='cuda:0'),13
input x_hat : 0.0 0.9937744140625
input x_int 0.0 65128.0
best bias : 5, best times : 23 best score : 607284.375
best dja : tensor([-16384., -15360., -14336., -13312., -12288., -11264., -10240.,  -9216.,
         -8192.,  -7168.,  -6144.,  -5120.,  -4096.], device='cuda:0'),13
input x_hat : 0.0 0.9881591796875
input x_int 0.0 64760.0
best bias : 5, best times : 23 best score : 622180.1875
best dja : tensor([-16384., -15360., -14336., -13312., -12288., -11264., -10240.,  -9216.,
         -8192.,  -7168.,  -6144.,  -5120.,  -4096.], device='cuda:0'),13
input x_hat : 0.0 0.9908447265625
input x_int 0.0 64936.0
best bias : 5, best times : 23 best score : 606657.0
best dja : tensor([-16384., -15360., -14336., -13312., -12288., -11264., -10240.,  -9216.,
         -8192.,  -7168.,  -6144.,  -5120.,  -4096.], device='cuda:0'),13
input x_hat : 0.0 0.991943359375
input x_int 0.0 65008.0
best bias : 5, best times : 23 best score : 580926.875
best dja : tensor([-16384., -15360., -14336., -13312., -12288., -11264., -10240.,  -9216.,
         -8192.,  -7168.,  -6144.,  -5120.,  -4096.], device='cuda:0'),13
input x_hat : 0.0 0.9835205078125
input x_int 0.0 64456.0
best bias : 5, best times : 23 best score : 590670.5
best dja : tensor([-16384., -15360., -14336., -13312., -12288., -11264., -10240.,  -9216.,
         -8192.,  -7168.,  -6144.,  -5120.,  -4096.], device='cuda:0'),13
input x_hat : 0.0 0.9844970703125
input x_int 0.0 64520.0
best bias : 5, best times : 23 best score : 611424.25
best dja : tensor([-16384., -15360., -14336., -13312., -12288., -11264., -10240.,  -9216.,
         -8192.,  -7168.,  -6144.,  -5120.,  -4096.], device='cuda:0'),13
input x_hat : 0.0 0.9908447265625
input x_int 0.0 64936.0
best bias : 5, best times : 23 best score : 604043.6875
best dja : tensor([-16384., -15360., -14336., -13312., -12288., -11264., -10240.,  -9216.,
         -8192.,  -7168.,  -6144.,  -5120.,  -4096.], device='cuda:0'),13
input x_hat : 0.0 0.990966796875
input x_int 0.0 64944.0
best bias : 5, best times : 23 best score : 610191.3125
best dja : tensor([-16384., -15360., -14336., -13312., -12288., -11264., -10240.,  -9216.,
         -8192.,  -7168.,  -6144.,  -5120.,  -4096.], device='cuda:0'),13
input x_hat : 0.0 0.99072265625
input x_int 0.0 64928.0
best bias : 1, best times : 23 best score : 606598.25
best dja : tensor([-2097152., -1966080., -1835008., -1703936., -1572864., -1441792.,
        -1310720., -1179648., -1048576.], device='cuda:0'),9
input x_hat : 0.0 0.987060546875
input x_int 0.0 64688.0
best bias : 5, best times : 23 best score : 617204.5625
best dja : tensor([-16384., -15360., -14336., -13312., -12288., -11264., -10240.,  -9216.,
         -8192.,  -7168.,  -6144.,  -5120.,  -4096.], device='cuda:0'),13
input x_hat : 0.0 0.9835205078125
input x_int 0.0 64456.0
best bias : 1, best times : 23 best score : 614499.1875
best dja : tensor([-2097152., -1966080., -1835008., -1703936., -1572864., -1441792.,
        -1310720., -1179648., -1048576.], device='cuda:0'),9
input x_hat : 0.0 0.98681640625
input x_int 0.0 64672.0
best bias : 1, best times : 23 best score : 639947.8125
best dja : tensor([-2097152., -1966080., -1835008., -1703936., -1572864., -1441792.,
        -1310720., -1179648., -1048576.], device='cuda:0'),9
input x_hat : 0.0 0.98583984375
input x_int 0.0 64608.0
best bias : 5, best times : 23 best score : 592790.125
best dja : tensor([-16384., -15360., -14336., -13312., -12288., -11264., -10240.,  -9216.,
         -8192.,  -7168.,  -6144.,  -5120.,  -4096.], device='cuda:0'),13
input x_hat : 0.0 0.9818115234375
input x_int 0.0 64344.0
best bias : 5, best times : 23 best score : 591903.0
best dja : tensor([-16384., -15360., -14336., -13312., -12288., -11264., -10240.,  -9216.,
         -8192.,  -7168.,  -6144.,  -5120.,  -4096.], device='cuda:0'),13
input x_hat : 0.0 0.992919921875
input x_int 0.0 65072.0
best bias : 5, best times : 23 best score : 594987.375
best dja : tensor([-16384., -15360., -14336., -13312., -12288., -11264., -10240.,  -9216.,
         -8192.,  -7168.,  -6144.,  -5120.,  -4096.], device='cuda:0'),13
input x_hat : 0.0 0.992919921875
input x_int 0.0 65072.0
best bias : 5, best times : 23 best score : 584318.5
best dja : tensor([-16384., -15360., -14336., -13312., -12288., -11264., -10240.,  -9216.,
         -8192.,  -7168.,  -6144.,  -5120.,  -4096.], device='cuda:0'),13
    INPUT_FP : torch.Size([1024, 12, 197, 197])
    OUTPUT_FP : torch.Size([1024, 12, 197, 197])
input x_hat : 0.0 0.993988037109375
input x_int 0.0 65142.0
best bias : 1, best times : 23 best score : 749174.25
best dja : tensor([-16384., -15360., -14336., -13312., -12288., -11264., -10240.,  -9216.,
         -8192.,  -7168.,  -6144.,  -5120.,  -4096.,  -3072.,  -2048.,  -1024.,
            -0.], device='cuda:0'),17
[3/12] encoder.layers.2.self_attention.softmax_act
   Get calibration data for LogSqrt2Quantizer()
input x_hat : 0.0 0.98583984375
input x_int 0.0 64608.0
best bias : 5, best times : 23 best score : 571677.1875
best dja : tensor([-16384., -15360., -14336., -13312., -12288., -11264., -10240.,  -9216.,
         -8192.,  -7168.,  -6144.,  -5120.,  -4096.], device='cuda:0'),13
input x_hat : 0.0 0.986297607421875
input x_int 0.0 64638.0
best bias : 1, best times : 23 best score : 748496.4375
best dja : tensor([-16384., -15360., -14336., -13312., -12288., -11264., -10240.,  -9216.,
         -8192.,  -7168.,  -6144.,  -5120.,  -4096.,  -3072.,  -2048.,  -1024.,
            -0.], device='cuda:0'),17
input x_hat : 0.0 0.986572265625
input x_int 0.0 64656.0
best bias : 5, best times : 23 best score : 560403.0
best dja : tensor([-16384., -15360., -14336., -13312., -12288., -11264., -10240.,  -9216.,
         -8192.,  -7168.,  -6144.,  -5120.,  -4096.], device='cuda:0'),13
input x_hat : 0.0 0.993988037109375
input x_int 0.0 65142.0
best bias : 1, best times : 23 best score : 727750.5625
best dja : tensor([-16384., -15360., -14336., -13312., -12288., -11264., -10240.,  -9216.,
         -8192.,  -7168.,  -6144.,  -5120.,  -4096.,  -3072.,  -2048.,  -1024.,
            -0.], device='cuda:0'),17
input x_hat : 0.0 0.981201171875
input x_int 0.0 64304.0
best bias : 5, best times : 23 best score : 574917.3125
best dja : tensor([-16384., -15360., -14336., -13312., -12288., -11264., -10240.,  -9216.,
         -8192.,  -7168.,  -6144.,  -5120.,  -4096.], device='cuda:0'),13
input x_hat : 0.0 0.993988037109375
input x_int 0.0 65142.0
best bias : 1, best times : 23 best score : 756138.375
best dja : tensor([-16384., -15360., -14336., -13312., -12288., -11264., -10240.,  -9216.,
         -8192.,  -7168.,  -6144.,  -5120.,  -4096.,  -3072.,  -2048.,  -1024.,
            -0.], device='cuda:0'),17
input x_hat : 0.0 0.9901123046875
input x_int 0.0 64888.0
best bias : 1, best times : 23 best score : 638350.0
best dja : tensor([-2097152., -1966080., -1835008., -1703936., -1572864., -1441792.,
        -1310720., -1179648., -1048576.], device='cuda:0'),9
input x_hat : 0.0 0.9529266357421875
input x_int 0.0 62451.0
best bias : 1, best times : 23 best score : 785173.0625
best dja : tensor([-16384., -15360., -14336., -13312., -12288., -11264., -10240.,  -9216.,
         -8192.,  -7168.,  -6144.,  -5120.,  -4096.,  -3072.,  -2048.,  -1024.,
            -0.], device='cuda:0'),17
input x_hat : 0.0 0.989990234375
input x_int 0.0 64880.0
best bias : 5, best times : 23 best score : 629181.1875
best dja : tensor([-16384., -15360., -14336., -13312., -12288., -11264., -10240.,  -9216.,
         -8192.,  -7168.,  -6144.,  -5120.,  -4096.], device='cuda:0'),13
input x_hat : 0.0 0.981903076171875
input x_int 0.0 64350.0
best bias : 1, best times : 23 best score : 775455.0625
best dja : tensor([-16384., -15360., -14336., -13312., -12288., -11264., -10240.,  -9216.,
         -8192.,  -7168.,  -6144.,  -5120.,  -4096.,  -3072.,  -2048.,  -1024.,
            -0.], device='cuda:0'),17
input x_hat : 0.0 0.9901123046875
input x_int 0.0 64888.0
best bias : 1, best times : 23 best score : 613599.75
best dja : tensor([-2097152., -1966080., -1835008., -1703936., -1572864., -1441792.,
        -1310720., -1179648., -1048576.], device='cuda:0'),9
input x_hat : 0.0 0.9938507080078125
input x_int 0.0 65133.0
best bias : 1, best times : 23 best score : 765718.875
best dja : tensor([-16384., -15360., -14336., -13312., -12288., -11264., -10240.,  -9216.,
         -8192.,  -7168.,  -6144.,  -5120.,  -4096.,  -3072.,  -2048.,  -1024.,
            -0.], device='cuda:0'),17
input x_hat : 0.0 0.99267578125
input x_int 0.0 65056.0
best bias : 5, best times : 23 best score : 584637.25
best dja : tensor([-16384., -15360., -14336., -13312., -12288., -11264., -10240.,  -9216.,
         -8192.,  -7168.,  -6144.,  -5120.,  -4096.], device='cuda:0'),13
input x_hat : 0.0 0.99371337890625
input x_int 0.0 65124.0
best bias : 1, best times : 23 best score : 762223.25
best dja : tensor([-16384., -15360., -14336., -13312., -12288., -11264., -10240.,  -9216.,
         -8192.,  -7168.,  -6144.,  -5120.,  -4096.,  -3072.,  -2048.,  -1024.,
            -0.], device='cuda:0'),17
input x_hat : 0.0 0.9874267578125
input x_int 0.0 64712.0
best bias : 5, best times : 23 best score : 580206.0625
best dja : tensor([-16384., -15360., -14336., -13312., -12288., -11264., -10240.,  -9216.,
         -8192.,  -7168.,  -6144.,  -5120.,  -4096.], device='cuda:0'),13
input x_hat : 0.0 0.993988037109375
input x_int 0.0 65142.0
best bias : 1, best times : 23 best score : 758550.875
best dja : tensor([-16384., -15360., -14336., -13312., -12288., -11264., -10240.,  -9216.,
         -8192.,  -7168.,  -6144.,  -5120.,  -4096.,  -3072.,  -2048.,  -1024.,
            -0.], device='cuda:0'),17
input x_hat : 0.0 0.9915771484375
input x_int 0.0 64984.0
best bias : 5, best times : 23 best score : 609446.9375
best dja : tensor([-16384., -15360., -14336., -13312., -12288., -11264., -10240.,  -9216.,
         -8192.,  -7168.,  -6144.,  -5120.,  -4096.], device='cuda:0'),13
input x_hat : 0.0 0.9746246337890625
input x_int 0.0 63873.0
best bias : 1, best times : 23 best score : 760199.25
best dja : tensor([-16384., -15360., -14336., -13312., -12288., -11264., -10240.,  -9216.,
         -8192.,  -7168.,  -6144.,  -5120.,  -4096.,  -3072.,  -2048.,  -1024.,
            -0.], device='cuda:0'),17
input x_hat : 0.0 0.9730224609375
input x_int 0.0 63768.0
best bias : 1, best times : 23 best score : 577702.9375
best dja : tensor([-2097152., -1966080., -1835008., -1703936., -1572864., -1441792.,
        -1310720., -1179648., -1048576.], device='cuda:0'),9
input x_hat : 0.0 0.99371337890625
input x_int 0.0 65124.0
best bias : 1, best times : 23 best score : 722954.25
best dja : tensor([-16384., -15360., -14336., -13312., -12288., -11264., -10240.,  -9216.,
         -8192.,  -7168.,  -6144.,  -5120.,  -4096.,  -3072.,  -2048.,  -1024.,
            -0.], device='cuda:0'),17
input x_hat : 0.0 0.9857177734375
input x_int 0.0 64600.0
best bias : 5, best times : 23 best score : 593968.6875
best dja : tensor([-16384., -15360., -14336., -13312., -12288., -11264., -10240.,  -9216.,
         -8192.,  -7168.,  -6144.,  -5120.,  -4096.], device='cuda:0'),13
input x_hat : 0.0 0.9933013916015625
input x_int 0.0 65097.0
best bias : 1, best times : 23 best score : 762646.625
best dja : tensor([-16384., -15360., -14336., -13312., -12288., -11264., -10240.,  -9216.,
         -8192.,  -7168.,  -6144.,  -5120.,  -4096.,  -3072.,  -2048.,  -1024.,
            -0.], device='cuda:0'),17
input x_hat : 0.0 0.9874267578125
input x_int 0.0 64712.0
best bias : 5, best times : 23 best score : 582507.875
best dja : tensor([-16384., -15360., -14336., -13312., -12288., -11264., -10240.,  -9216.,
         -8192.,  -7168.,  -6144.,  -5120.,  -4096.], device='cuda:0'),13
input x_hat : 0.0 0.9825897216796875
input x_int 0.0 64395.0
best bias : 1, best times : 23 best score : 767218.1875
best dja : tensor([-16384., -15360., -14336., -13312., -12288., -11264., -10240.,  -9216.,
         -8192.,  -7168.,  -6144.,  -5120.,  -4096.,  -3072.,  -2048.,  -1024.,
            -0.], device='cuda:0'),17
input x_hat : 0.0 0.9932861328125
input x_int 0.0 65096.0
best bias : 5, best times : 23 best score : 570732.9375
best dja : tensor([-16384., -15360., -14336., -13312., -12288., -11264., -10240.,  -9216.,
         -8192.,  -7168.,  -6144.,  -5120.,  -4096.], device='cuda:0'),13
input x_hat : 0.0 0.9911041259765625
input x_int 0.0 64953.0
best bias : 1, best times : 23 best score : 750619.875
best dja : tensor([-16384., -15360., -14336., -13312., -12288., -11264., -10240.,  -9216.,
         -8192.,  -7168.,  -6144.,  -5120.,  -4096.,  -3072.,  -2048.,  -1024.,
            -0.], device='cuda:0'),17
input x_hat : 0.0 0.9837646484375
input x_int 0.0 64472.0
best bias : 5, best times : 23 best score : 618285.0
best dja : tensor([-16384., -15360., -14336., -13312., -12288., -11264., -10240.,  -9216.,
         -8192.,  -7168.,  -6144.,  -5120.,  -4096.], device='cuda:0'),13
input x_hat : 0.0 0.990966796875
input x_int 0.0 64944.0
best bias : 7, best times : 23 best score : 742207.5625
best dja : tensor([-16384., -15360., -14336., -13312., -12288., -11264., -10240.,  -9216.,
         -8192.,  -7168.,  -6144.,  -5120.], device='cuda:0'),12
input x_hat : 0.0 0.9930419921875
input x_int 0.0 65080.0
best bias : 5, best times : 23 best score : 575701.1875
best dja : tensor([-16384., -15360., -14336., -13312., -12288., -11264., -10240.,  -9216.,
         -8192.,  -7168.,  -6144.,  -5120.,  -4096.], device='cuda:0'),13
input x_hat : 0.0 0.99371337890625
input x_int 0.0 65124.0
best bias : 7, best times : 23 best score : 748816.25
best dja : tensor([-16384., -15360., -14336., -13312., -12288., -11264., -10240.,  -9216.,
         -8192.,  -7168.,  -6144.,  -5120.], device='cuda:0'),12
input x_hat : 0.0 0.9891357421875
input x_int 0.0 64824.0
best bias : 5, best times : 23 best score : 610299.75
best dja : tensor([-16384., -15360., -14336., -13312., -12288., -11264., -10240.,  -9216.,
         -8192.,  -7168.,  -6144.,  -5120.,  -4096.], device='cuda:0'),13
input x_hat : 0.0 0.978607177734375
input x_int 0.0 64134.0
best bias : 7, best times : 23 best score : 766179.5
best dja : tensor([-16384., -15360., -14336., -13312., -12288., -11264., -10240.,  -9216.,
         -8192.,  -7168.,  -6144.,  -5120.], device='cuda:0'),12
input x_hat : 0.0 0.9937744140625
input x_int 0.0 65128.0
best bias : 5, best times : 23 best score : 607284.375
best dja : tensor([-16384., -15360., -14336., -13312., -12288., -11264., -10240.,  -9216.,
         -8192.,  -7168.,  -6144.,  -5120.,  -4096.], device='cuda:0'),13
input x_hat : 0.0 0.9927520751953125
input x_int 0.0 65061.0
best bias : 1, best times : 23 best score : 747712.5625
best dja : tensor([-16384., -15360., -14336., -13312., -12288., -11264., -10240.,  -9216.,
         -8192.,  -7168.,  -6144.,  -5120.,  -4096.,  -3072.,  -2048.,  -1024.,
            -0.], device='cuda:0'),17
input x_hat : 0.0 0.9881591796875
input x_int 0.0 64760.0
best bias : 5, best times : 23 best score : 622180.1875
best dja : tensor([-16384., -15360., -14336., -13312., -12288., -11264., -10240.,  -9216.,
         -8192.,  -7168.,  -6144.,  -5120.,  -4096.], device='cuda:0'),13
input x_hat : 0.0 0.9900054931640625
input x_int 0.0 64881.0
best bias : 7, best times : 23 best score : 772717.0625
best dja : tensor([-16384., -15360., -14336., -13312., -12288., -11264., -10240.,  -9216.,
         -8192.,  -7168.,  -6144.,  -5120.], device='cuda:0'),12
